<?xml version="1.0" encoding="UTF-8"?>
<testsuite name="JUnit Jupiter" tests="26" skipped="0" failures="0" errors="0" time="2.741" hostname="arusso-Satellite-L40" timestamp="2017-12-14T01:23:15">
<properties>
[...]
</properties>
<testcase name="captchaForEmptyDigitSequenceShouldBeZero()" classname="net.aoc.InverseCaptchaTest" time="0.271">
<system-out><![CDATA[
unique-id: [engine:junit-jupiter]/[class:net.aoc.InverseCaptchaTest]/[method:captchaForEmptyDigitSequenceShouldBeZero()]
display-name: captchaForEmptyDigitSequenceShouldBeZero()
]]></system-out>
</testcase>
<testcase name="captchaForNullDigitSequenceShouldBeZero()" classname="net.aoc.InverseCaptchaTest" time="0.001">
<system-out><![CDATA[
unique-id: [engine:junit-jupiter]/[class:net.aoc.InverseCaptchaTest]/[method:captchaForNullDigitSequenceShouldBeZero()]
display-name: captchaForNullDigitSequenceShouldBeZero()
]]></system-out>
</testcase>
<testcase name="shouldReturnExpectedCaptchaForGivenDigitSequencesContainingRepeatingDigitSequences(int[], int)" classname="shouldReturnExpectedCaptchaForGivenDigitSequencesContainingRepeatingDigitSequences(int[], int)" time="0.067">
<system-out><![CDATA[
unique-id: [engine:junit-jupiter]/[class:net.aoc.InverseCaptchaTest]/[test-template:shouldReturnExpectedCaptchaForGivenDigitSequencesContainingRepeatingDigitSequences(%5BI, int)]/[test-template-invocation:#1]
display-name: sequence: [1, 1, 2] | expectedSum: 1
]]></system-out>
</testcase>
<testcase name="shouldReturnExpectedCaptchaForGivenDigitSequencesContainingRepeatingDigitSequences(int[], int)" classname="shouldReturnExpectedCaptchaForGivenDigitSequencesContainingRepeatingDigitSequences(int[], int)" time="0.006">
<system-out><![CDATA[
unique-id: [engine:junit-jupiter]/[class:net.aoc.InverseCaptchaTest]/[test-template:shouldReturnExpectedCaptchaForGivenDigitSequencesContainingRepeatingDigitSequences(%5BI, int)]/[test-template-invocation:#2]
display-name: sequence: [2, 2, 3] | expectedSum: 2
]]></system-out>
</testcase>
<testcase name="shouldReturnExpectedCaptchaForGivenDigitSequencesContainingRepeatingDigitSequences(int[], int)" classname="shouldReturnExpectedCaptchaForGivenDigitSequencesContainingRepeatingDigitSequences(int[], int)" time="0.001">
<system-out><![CDATA[
unique-id: [engine:junit-jupiter]/[class:net.aoc.InverseCaptchaTest]/[test-template:shouldReturnExpectedCaptchaForGivenDigitSequencesContainingRepeatingDigitSequences(%5BI, int)]/[test-template-invocation:#3]
display-name: sequence: [1, 1, 2, 2] | expectedSum: 3
]]></system-out>
</testcase>
<testcase name="shouldReturnExpectedCaptchaForGivenDigitSequencesContainingRepeatingDigitSequences(int[], int)" classname="shouldReturnExpectedCaptchaForGivenDigitSequencesContainingRepeatingDigitSequences(int[], int)" time="0.002">
<system-out><![CDATA[
unique-id: [engine:junit-jupiter]/[class:net.aoc.InverseCaptchaTest]/[test-template:shouldReturnExpectedCaptchaForGivenDigitSequencesContainingRepeatingDigitSequences(%5BI, int)]/[test-template-invocation:#4]
display-name: sequence: [1, 1, 1, 2] | expectedSum: 2
]]></system-out>
</testcase>
<testcase name="shouldReturnExpectedCaptchaForGivenDigitSequencesContainingRepeatingDigitSequences(int[], int)" classname="shouldReturnExpectedCaptchaForGivenDigitSequencesContainingRepeatingDigitSequences(int[], int)" time="0.001">
<system-out><![CDATA[
unique-id: [engine:junit-jupiter]/[class:net.aoc.InverseCaptchaTest]/[test-template:shouldReturnExpectedCaptchaForGivenDigitSequencesContainingRepeatingDigitSequences(%5BI, int)]/[test-template-invocation:#5]
display-name: sequence: [1, 1, 1, 1, 2] | expectedSum: 3
]]></system-out>
</testcase>
<testcase name="shouldReturnExpectedCaptchaForGivenDigitSequencesContainingCircularRepeatingDigitSequences(int[], int)" classname="shouldReturnExpectedCaptchaForGivenDigitSequencesContainingCircularRepeatingDigitSequences(int[], int)" time="0.001">
<system-out><![CDATA[
unique-id: [engine:junit-jupiter]/[class:net.aoc.InverseCaptchaTest]/[test-template:shouldReturnExpectedCaptchaForGivenDigitSequencesContainingCircularRepeatingDigitSequences(%5BI, int)]/[test-template-invocation:#1]
display-name: sequence: [1, 1] | expectedSum: 2
]]></system-out>
</testcase>
<testcase name="shouldReturnExpectedCaptchaForGivenDigitSequencesContainingCircularRepeatingDigitSequences(int[], int)" classname="shouldReturnExpectedCaptchaForGivenDigitSequencesContainingCircularRepeatingDigitSequences(int[], int)" time="0.003">
<system-out><![CDATA[
unique-id: [engine:junit-jupiter]/[class:net.aoc.InverseCaptchaTest]/[test-template:shouldReturnExpectedCaptchaForGivenDigitSequencesContainingCircularRepeatingDigitSequences(%5BI, int)]/[test-template-invocation:#2]
display-name: sequence: [2, 2, 2] | expectedSum: 6
]]></system-out>
</testcase>
<testcase name="shouldReturnExpectedCaptchaForGivenDigitSequencesContainingCircularRepeatingDigitSequences(int[], int)" classname="shouldReturnExpectedCaptchaForGivenDigitSequencesContainingCircularRepeatingDigitSequences(int[], int)" time="0.002">
<system-out><![CDATA[
unique-id: [engine:junit-jupiter]/[class:net.aoc.InverseCaptchaTest]/[test-template:shouldReturnExpectedCaptchaForGivenDigitSequencesContainingCircularRepeatingDigitSequences(%5BI, int)]/[test-template-invocation:#3]
display-name: sequence: [9, 1, 2, 9] | expectedSum: 9
]]></system-out>
</testcase>
<testcase name="captchaForNonRepeatingDigitSequenceShouldBeZero(int[])" classname="captchaForNonRepeatingDigitSequenceShouldBeZero(int[])" time="0.001">
<system-out><![CDATA[
unique-id: [engine:junit-jupiter]/[class:net.aoc.InverseCaptchaTest]/[test-template:captchaForNonRepeatingDigitSequenceShouldBeZero(%5BI)]/[test-template-invocation:#1]
display-name: sequence: [1]
]]></system-out>
</testcase>
<testcase name="captchaForNonRepeatingDigitSequenceShouldBeZero(int[])" classname="captchaForNonRepeatingDigitSequenceShouldBeZero(int[])" time="0.001">
<system-out><![CDATA[
unique-id: [engine:junit-jupiter]/[class:net.aoc.InverseCaptchaTest]/[test-template:captchaForNonRepeatingDigitSequenceShouldBeZero(%5BI)]/[test-template-invocation:#2]
display-name: sequence: [2]
]]></system-out>
</testcase>
<testcase name="captchaForNonRepeatingDigitSequenceShouldBeZero(int[])" classname="captchaForNonRepeatingDigitSequenceShouldBeZero(int[])" time="0">
<system-out><![CDATA[
unique-id: [engine:junit-jupiter]/[class:net.aoc.InverseCaptchaTest]/[test-template:captchaForNonRepeatingDigitSequenceShouldBeZero(%5BI)]/[test-template-invocation:#3]
display-name: sequence: [3]
]]></system-out>
</testcase>
<testcase name="captchaForNonRepeatingDigitSequenceShouldBeZero(int[])" classname="captchaForNonRepeatingDigitSequenceShouldBeZero(int[])" time="0.001">
<system-out><![CDATA[
unique-id: [engine:junit-jupiter]/[class:net.aoc.InverseCaptchaTest]/[test-template:captchaForNonRepeatingDigitSequenceShouldBeZero(%5BI)]/[test-template-invocation:#4]
display-name: sequence: [4]
]]></system-out>
</testcase>
<testcase name="captchaForNonRepeatingDigitSequenceShouldBeZero(int[])" classname="captchaForNonRepeatingDigitSequenceShouldBeZero(int[])" time="0.001">
<system-out><![CDATA[
unique-id: [engine:junit-jupiter]/[class:net.aoc.InverseCaptchaTest]/[test-template:captchaForNonRepeatingDigitSequenceShouldBeZero(%5BI)]/[test-template-invocation:#5]
display-name: sequence: [5]
]]></system-out>
</testcase>
<testcase name="captchaForNonRepeatingDigitSequenceShouldBeZero(int[])" classname="captchaForNonRepeatingDigitSequenceShouldBeZero(int[])" time="0">
<system-out><![CDATA[
unique-id: [engine:junit-jupiter]/[class:net.aoc.InverseCaptchaTest]/[test-template:captchaForNonRepeatingDigitSequenceShouldBeZero(%5BI)]/[test-template-invocation:#6]
display-name: sequence: [6]
]]></system-out>
</testcase>
<testcase name="captchaForNonRepeatingDigitSequenceShouldBeZero(int[])" classname="captchaForNonRepeatingDigitSequenceShouldBeZero(int[])" time="0.003">
<system-out><![CDATA[
unique-id: [engine:junit-jupiter]/[class:net.aoc.InverseCaptchaTest]/[test-template:captchaForNonRepeatingDigitSequenceShouldBeZero(%5BI)]/[test-template-invocation:#7]
display-name: sequence: [7]
]]></system-out>
</testcase>
<testcase name="captchaForNonRepeatingDigitSequenceShouldBeZero(int[])" classname="captchaForNonRepeatingDigitSequenceShouldBeZero(int[])" time="0.008">
<system-out><![CDATA[
unique-id: [engine:junit-jupiter]/[class:net.aoc.InverseCaptchaTest]/[test-template:captchaForNonRepeatingDigitSequenceShouldBeZero(%5BI)]/[test-template-invocation:#8]
display-name: sequence: [8]
]]></system-out>
</testcase>
<testcase name="captchaForNonRepeatingDigitSequenceShouldBeZero(int[])" classname="captchaForNonRepeatingDigitSequenceShouldBeZero(int[])" time="0.001">
<system-out><![CDATA[
unique-id: [engine:junit-jupiter]/[class:net.aoc.InverseCaptchaTest]/[test-template:captchaForNonRepeatingDigitSequenceShouldBeZero(%5BI)]/[test-template-invocation:#9]
display-name: sequence: [9]
]]></system-out>
</testcase>
<testcase name="captchaForNonRepeatingDigitSequenceShouldBeZero(int[])" classname="captchaForNonRepeatingDigitSequenceShouldBeZero(int[])" time="0.001">
<system-out><![CDATA[
unique-id: [engine:junit-jupiter]/[class:net.aoc.InverseCaptchaTest]/[test-template:captchaForNonRepeatingDigitSequenceShouldBeZero(%5BI)]/[test-template-invocation:#10]
display-name: sequence: [1, 2]
]]></system-out>
</testcase>
<testcase name="captchaForNonRepeatingDigitSequenceShouldBeZero(int[])" classname="captchaForNonRepeatingDigitSequenceShouldBeZero(int[])" time="0">
<system-out><![CDATA[
unique-id: [engine:junit-jupiter]/[class:net.aoc.InverseCaptchaTest]/[test-template:captchaForNonRepeatingDigitSequenceShouldBeZero(%5BI)]/[test-template-invocation:#11]
display-name: sequence: [1, 2, 3]
]]></system-out>
</testcase>
<testcase name="captchaForNonRepeatingDigitSequenceShouldBeZero(int[])" classname="captchaForNonRepeatingDigitSequenceShouldBeZero(int[])" time="0">
<system-out><![CDATA[
unique-id: [engine:junit-jupiter]/[class:net.aoc.InverseCaptchaTest]/[test-template:captchaForNonRepeatingDigitSequenceShouldBeZero(%5BI)]/[test-template-invocation:#12]
display-name: sequence: [1, 2, 3, 4]
]]></system-out>
</testcase>
<testcase name="shouldOutputInverseCaptchaForGivenDigitSequence(String, int)" classname="shouldOutputInverseCaptchaForGivenDigitSequence(String, int)" time="0.08">
<system-out><![CDATA[
unique-id: [engine:junit-jupiter]/[class:net.aoc.InverseCaptchaMainTest]/[test-template:shouldOutputInverseCaptchaForGivenDigitSequence(java.lang.String, int)]/[test-template-invocation:#1]
display-name: Input digit sequence: null | expected captcha: 0
]]></system-out>
</testcase>
<testcase name="shouldOutputInverseCaptchaForGivenDigitSequence(String, int)" classname="shouldOutputInverseCaptchaForGivenDigitSequence(String, int)" time="0.02">
<system-out><![CDATA[
unique-id: [engine:junit-jupiter]/[class:net.aoc.InverseCaptchaMainTest]/[test-template:shouldOutputInverseCaptchaForGivenDigitSequence(java.lang.String, int)]/[test-template-invocation:#2]
display-name: Input digit sequence:  | expected captcha: 0
]]></system-out>
</testcase>
<testcase name="shouldOutputInverseCaptchaForGivenDigitSequence(String, int)" classname="shouldOutputInverseCaptchaForGivenDigitSequence(String, int)" time="0.049">
<system-out><![CDATA[
unique-id: [engine:junit-jupiter]/[class:net.aoc.InverseCaptchaMainTest]/[test-template:shouldOutputInverseCaptchaForGivenDigitSequence(java.lang.String, int)]/[test-template-invocation:#3]
display-name: Input digit sequence: 1 | expected captcha: 0
]]></system-out>
</testcase>
<testcase name="shouldOutputInverseCaptchaForGivenDigitSequence(String, int)" classname="shouldOutputInverseCaptchaForGivenDigitSequence(String, int)" time="0.006">
<system-out><![CDATA[
unique-id: [engine:junit-jupiter]/[class:net.aoc.InverseCaptchaMainTest]/[test-template:shouldOutputInverseCaptchaForGivenDigitSequence(java.lang.String, int)]/[test-template-invocation:#4]
display-name: Input digit sequence: 1332 | expected captcha: 3
]]></system-out>
</testcase>
<system-out><![CDATA[
unique-id: [engine:junit-jupiter]
display-name: JUnit Jupiter
]]></system-out>
</testsuite>
